2026-04-12 06:04:58 - app - INFO - ✅ 请求日志中间件已启用
2026-04-12 06:04:58 - app - INFO - ✅ API路由已注册
2026-04-12 06:04:58 - app - INFO - ✅ 健康检查端点已配置
2026-04-12 06:04:58 - app - INFO - 🚀 正在初始化基础设施...
2026-04-12 06:04:58 - app.core.database - ERROR - ⚠️ 异步数据库心跳检查失败: (pymysql.err.OperationalError) (1049, "Unknown database 'ai_factory'")
(Background on this error at: https://sqlalche.me/e/20/e3q8)
2026-04-12 06:04:58 - app - ERROR - ❌ MySQL 连接失败
2026-04-12 06:06:15 - app - INFO - 🛑 正在优雅关闭基础设施...
2026-04-12 06:06:15 - app.core.database - INFO - ✅ 异步数据库连接池已安全关闭
2026-04-12 06:06:15 - app - INFO - ✅ MySQL 连接池已销毁
2026-04-12 06:06:15 - app - INFO - 👋 应用已完全停止。
2026-04-12 06:07:02 - app - INFO - ✅ 请求日志中间件已启用
2026-04-12 06:07:02 - app - INFO - ✅ API路由已注册
2026-04-12 06:07:02 - app - INFO - ✅ 健康检查端点已配置
2026-04-12 06:07:02 - app - INFO - 🚀 正在初始化基础设施...
2026-04-12 06:07:02 - app - INFO - ✅ MySQL 连接池初始化成功
2026-04-12 06:08:57 - request - INFO - {"request_id": "85bc0b45-1322-4a1f-bce3-20bc7d7d580f", "type": "request", "request": {"method": "POST", "path": "/api/v1/wb/scraper/supplier", "query_params": "", "client_host": "127.0.0.1", "client_port": 53885, "user_agent": "PostmanRuntime/7.51.1", "referer": null, "headers": {"content-type": "application/json", "user-agent": "PostmanRuntime/7.51.1", "accept": "*/*", "postman-token": "***MASKED***", "host": "localhost:8088", "accept-encoding": "gzip, deflate, br", "connection": "keep-alive", "content-length": "30"}, "body": "{\"supplier_id\": 209838}"}, "response": {"status_code": 200, "headers": {"content-length": "81", "content-type": "application/json"}, "content_length": 81}, "process_time_ms": 2.6}
2026-04-12 06:11:58 - app - INFO - ✅ 请求日志中间件已启用
2026-04-12 06:11:58 - app - INFO - ✅ API路由已注册
2026-04-12 06:11:58 - app - INFO - ✅ 健康检查端点已配置
2026-04-12 06:11:58 - app - INFO - 🚀 正在初始化基础设施...
2026-04-12 06:11:58 - app - INFO - ✅ MySQL 连接池初始化成功
2026-04-12 06:12:03 - request - INFO - {"request_id": "90ba6d20-f438-4c63-bef0-a5e41ba421df", "type": "request", "request": {"method": "POST", "path": "/api/v1/wb/scraper/supplier", "query_params": "", "client_host": "127.0.0.1", "client_port": 56940, "user_agent": "PostmanRuntime/7.51.1", "referer": null, "headers": {"content-type": "application/json", "user-agent": "PostmanRuntime/7.51.1", "accept": "*/*", "postman-token": "***MASKED***", "host": "localhost:8088", "accept-encoding": "gzip, deflate, br", "connection": "keep-alive", "content-length": "30"}, "body": "{\"supplier_id\": 209838}"}, "response": {"status_code": 200, "headers": {"content-length": "81", "content-type": "application/json"}, "content_length": 81}, "process_time_ms": 2.88}
